Running the day-in-the-life (DITL) test
Step 0: Cleanup database and set schedule reference time to 2022-09-01T00:00:00
Step 1: Ingest all Batch 1 orders and all maintenance orders except for OrbitMaintenance6 and OrbitMaintenance7
Database tables automapped and exported to global namespace
Waiting for a while (max 10 secs) to allow scheduler system to notice new orders and kick off...
Starting scheduler timer...
Scheduler finished in 10 minutes, 50 seconds.
Creating report...
===========Overall stats===========
Total order count: 120
Total request count: 190
   Rejected requests: 10
     9: Reason: No satellites can capture this area during the requested time window.
     1: Reason: Spent too much time trying to find a valid schedule plan. Failure reason during last try: There were available satellite time slots, and available groundstation contacts, but no valid matching of uplink gs contact -> satellite time slot -> downlink gs contact could be found.
   Scheduled requests: 180
     180: Reason: Successfully scheduled request.

======Breakdown by order type======
Total Imaging order count: 100
Total Imaging request count: 100
   Rejected requests: 10
     9: Reason: No satellites can capture this area during the requested time window.
     1: Reason: Spent too much time trying to find a valid schedule plan. Failure reason during last try: There were available satellite time slots, and available groundstation contacts, but no valid matching of uplink gs contact -> satellite time slot -> downlink gs contact could be found.
   Scheduled requests: 90
     90: Reason: Successfully scheduled request.
Total Maintenance order count: 20
Total Maintenance request count: 90
   Scheduled requests: 90
     90: Reason: Successfully scheduled request.

==========Scheduled Events=========
------------Per satellite-----------
SOSO-1: 37 events scheduled
   imaging events: 19
   maintenance events: 18
SOSO-3: 40 events scheduled
   imaging events: 22
   maintenance events: 18
SOSO-2: 31 events scheduled
   maintenance events: 18
   imaging events: 13
SOSO-4: 45 events scheduled
   imaging events: 27
   maintenance events: 18
SOSO-5: 27 events scheduled
   imaging events: 9
   maintenance events: 18

----------Per groundstation---------
GATN: 56 scheduled contacts
Inuvik: 78 scheduled contacts
Prince Albert: 50 scheduled contacts





Step 2: Ingest all Batch 2 orders
Database tables automapped and exported to global namespace
Waiting for a while (max 10 secs) to allow scheduler system to notice new orders and kick off...
Starting scheduler timer...
Scheduler finished in 0 seconds.
Creating report...
===========Overall stats===========
Total order count: 140
Total request count: 190
   Rejected requests: 10
     9: Reason: No satellites can capture this area during the requested time window.
     1: Reason: Spent too much time trying to find a valid schedule plan. Failure reason during last try: There were available satellite time slots, and available groundstation contacts, but no valid matching of uplink gs contact -> satellite time slot -> downlink gs contact could be found.
   Scheduled requests: 180
     180: Reason: Successfully scheduled request.

======Breakdown by order type======
Total Imaging order count: 120
Total Imaging request count: 100
   Rejected requests: 10
     9: Reason: No satellites can capture this area during the requested time window.
     1: Reason: Spent too much time trying to find a valid schedule plan. Failure reason during last try: There were available satellite time slots, and available groundstation contacts, but no valid matching of uplink gs contact -> satellite time slot -> downlink gs contact could be found.
   Scheduled requests: 90
     90: Reason: Successfully scheduled request.
Total Maintenance order count: 20
Total Maintenance request count: 90
   Scheduled requests: 90
     90: Reason: Successfully scheduled request.

==========Scheduled Events=========
------------Per satellite-----------
SOSO-1: 37 events scheduled
   imaging events: 19
   maintenance events: 18
SOSO-3: 40 events scheduled
   imaging events: 22
   maintenance events: 18
SOSO-2: 31 events scheduled
   maintenance events: 18
   imaging events: 13
SOSO-4: 45 events scheduled
   imaging events: 27
   maintenance events: 18
SOSO-5: 27 events scheduled
   imaging events: 9
   maintenance events: 18

----------Per groundstation---------
GATN: 56 scheduled contacts
Inuvik: 78 scheduled contacts
Prince Albert: 50 scheduled contacts





Step 3: Ingest all Batch 3 orders
Database tables automapped and exported to global namespace
Waiting for a while (max 10 secs) to allow scheduler system to notice new orders and kick off...
Starting scheduler timer...
Scheduler finished in 14 minutes, 4 seconds.
Creating report...
===========Overall stats===========
Total order count: 145
Total request count: 215
   Rejected requests: 17
     16: Reason: No satellites can capture this area during the requested time window.
     1: Reason: Spent too much time trying to find a valid schedule plan. Failure reason during last try: There were available satellite time slots, and available groundstation contacts, but no valid matching of uplink gs contact -> satellite time slot -> downlink gs contact could be found.
   Scheduled requests: 198
     198: Reason: Successfully scheduled request.

======Breakdown by order type======
Total Imaging order count: 125
Total Imaging request count: 125
   Rejected requests: 17
     16: Reason: No satellites can capture this area during the requested time window.
     1: Reason: Spent too much time trying to find a valid schedule plan. Failure reason during last try: There were available satellite time slots, and available groundstation contacts, but no valid matching of uplink gs contact -> satellite time slot -> downlink gs contact could be found.
   Scheduled requests: 108
     108: Reason: Successfully scheduled request.
Total Maintenance order count: 20
Total Maintenance request count: 90
   Scheduled requests: 90
     90: Reason: Successfully scheduled request.

==========Scheduled Events=========
------------Per satellite-----------
SOSO-1: 40 events scheduled
   imaging events: 22
   maintenance events: 18
SOSO-3: 46 events scheduled
   imaging events: 28
   maintenance events: 18
SOSO-2: 34 events scheduled
   imaging events: 16
   maintenance events: 18
SOSO-4: 51 events scheduled
   imaging events: 33
   maintenance events: 18
SOSO-5: 27 events scheduled
   imaging events: 9
   maintenance events: 18

----------Per groundstation---------
GATN: 61 scheduled contacts
Inuvik: 87 scheduled contacts
Prince Albert: 54 scheduled contacts





Step 4: Ingest outage for GATN and SOSO-3
Database tables automapped and exported to global namespace
Waiting for a while (max 10 secs) to allow scheduler system to notice new orders and kick off...
Starting scheduler timer...
Scheduler finished in 6 minutes, 46 seconds.
Creating report...
===========Overall stats===========
Total order count: 147
Total request count: 217
   Rejected requests: 19
     16: Reason: No satellites can capture this area during the requested time window.
     1: Reason: Event was displaced due to an outage at satellite id=2. No available time slots for this event.
     1: Reason: Event was displaced due to an outage at groundstation id=1. Spent too much time trying to find a valid schedule plan. Failure reason during last try: No contacts found to downlink this request.
     1: Reason: Spent too much time trying to find a valid schedule plan. Failure reason during last try: There were available satellite time slots, and available groundstation contacts, but no valid matching of uplink gs contact -> satellite time slot -> downlink gs contact could be found.
   Scheduled requests: 198
     15: Reason: Event was displaced due to an outage at groundstation id=1. Succesfully scheduled request.
     178: Reason: Successfully scheduled request.
     5: Reason: Event was displaced due to an outage at satellite id=2. Succesfully scheduled request.

======Breakdown by order type======
Total Sat_outage order count: 1
Total Sat_outage request count: 1
   Scheduled requests: 1
     1: Reason: Successfully scheduled request.
Total Gs_outage order count: 1
Total Gs_outage request count: 1
   Scheduled requests: 1
     1: Reason: Successfully scheduled request.
Total Imaging order count: 125
Total Imaging request count: 125
   Rejected requests: 19
     16: Reason: No satellites can capture this area during the requested time window.
     1: Reason: Event was displaced due to an outage at satellite id=2. No available time slots for this event.
     1: Reason: Event was displaced due to an outage at groundstation id=1. Spent too much time trying to find a valid schedule plan. Failure reason during last try: No contacts found to downlink this request.
     1: Reason: Spent too much time trying to find a valid schedule plan. Failure reason during last try: There were available satellite time slots, and available groundstation contacts, but no valid matching of uplink gs contact -> satellite time slot -> downlink gs contact could be found.
   Scheduled requests: 106
     15: Reason: Event was displaced due to an outage at groundstation id=1. Succesfully scheduled request.
     86: Reason: Successfully scheduled request.
     5: Reason: Event was displaced due to an outage at satellite id=2. Succesfully scheduled request.
Total Maintenance order count: 20
Total Maintenance request count: 90
   Scheduled requests: 90
     90: Reason: Successfully scheduled request.

==========Scheduled Events=========
------------Per satellite-----------
SOSO-1: 38 events scheduled
   imaging events: 23
   maintenance events: 15
SOSO-3: 37 events scheduled
   imaging events: 23
   maintenance events: 14
SOSO-2: 33 events scheduled
   imaging events: 17
   maintenance events: 16
SOSO-4: 48 events scheduled
   imaging events: 34
   maintenance events: 14
SOSO-5: 22 events scheduled
   imaging events: 9
   maintenance events: 13

----------Per groundstation---------
GATN: 68 scheduled contacts
Inuvik: 94 scheduled contacts
Prince Albert: 62 scheduled contacts





Step 5: Ingest all Batch 4 orders
Database tables automapped and exported to global namespace
Waiting for a while (max 10 secs) to allow scheduler system to notice new orders and kick off...
Starting scheduler timer...
Scheduler finished in 0 seconds.
Creating report...
===========Overall stats===========
Total order count: 197
Total request count: 217
   Rejected requests: 19
     16: Reason: No satellites can capture this area during the requested time window.
     1: Reason: Event was displaced due to an outage at satellite id=2. No available time slots for this event.
     1: Reason: Event was displaced due to an outage at groundstation id=1. Spent too much time trying to find a valid schedule plan. Failure reason during last try: No contacts found to downlink this request.
     1: Reason: Spent too much time trying to find a valid schedule plan. Failure reason during last try: There were available satellite time slots, and available groundstation contacts, but no valid matching of uplink gs contact -> satellite time slot -> downlink gs contact could be found.
   Scheduled requests: 198
     15: Reason: Event was displaced due to an outage at groundstation id=1. Succesfully scheduled request.
     178: Reason: Successfully scheduled request.
     5: Reason: Event was displaced due to an outage at satellite id=2. Succesfully scheduled request.

======Breakdown by order type======
Total Sat_outage order count: 1
Total Sat_outage request count: 1
   Scheduled requests: 1
     1: Reason: Successfully scheduled request.
Total Gs_outage order count: 1
Total Gs_outage request count: 1
   Scheduled requests: 1
     1: Reason: Successfully scheduled request.
Total Imaging order count: 175
Total Imaging request count: 125
   Rejected requests: 19
     16: Reason: No satellites can capture this area during the requested time window.
     1: Reason: Event was displaced due to an outage at satellite id=2. No available time slots for this event.
     1: Reason: Event was displaced due to an outage at groundstation id=1. Spent too much time trying to find a valid schedule plan. Failure reason during last try: No contacts found to downlink this request.
     1: Reason: Spent too much time trying to find a valid schedule plan. Failure reason during last try: There were available satellite time slots, and available groundstation contacts, but no valid matching of uplink gs contact -> satellite time slot -> downlink gs contact could be found.
   Scheduled requests: 106
     15: Reason: Event was displaced due to an outage at groundstation id=1. Succesfully scheduled request.
     86: Reason: Successfully scheduled request.
     5: Reason: Event was displaced due to an outage at satellite id=2. Succesfully scheduled request.
Total Maintenance order count: 20
Total Maintenance request count: 90
   Scheduled requests: 90
     90: Reason: Successfully scheduled request.

==========Scheduled Events=========
------------Per satellite-----------
SOSO-1: 38 events scheduled
   imaging events: 23
   maintenance events: 15
SOSO-3: 37 events scheduled
   imaging events: 23
   maintenance events: 14
SOSO-2: 33 events scheduled
   imaging events: 17
   maintenance events: 16
SOSO-4: 48 events scheduled
   imaging events: 34
   maintenance events: 14
SOSO-5: 22 events scheduled
   imaging events: 9
   maintenance events: 13

----------Per groundstation---------
GATN: 68 scheduled contacts
Inuvik: 94 scheduled contacts
Prince Albert: 62 scheduled contacts





Step 6: Ingest all Batch 5 orders
Database tables automapped and exported to global namespace
Waiting for a while (max 10 secs) to allow scheduler system to notice new orders and kick off...
Starting scheduler timer...
Scheduler finished in 0 seconds.
Creating report...
===========Overall stats===========
Total order count: 222
Total request count: 217
   Rejected requests: 19
     16: Reason: No satellites can capture this area during the requested time window.
     1: Reason: Event was displaced due to an outage at satellite id=2. No available time slots for this event.
     1: Reason: Event was displaced due to an outage at groundstation id=1. Spent too much time trying to find a valid schedule plan. Failure reason during last try: No contacts found to downlink this request.
     1: Reason: Spent too much time trying to find a valid schedule plan. Failure reason during last try: There were available satellite time slots, and available groundstation contacts, but no valid matching of uplink gs contact -> satellite time slot -> downlink gs contact could be found.
   Scheduled requests: 198
     15: Reason: Event was displaced due to an outage at groundstation id=1. Succesfully scheduled request.
     178: Reason: Successfully scheduled request.
     5: Reason: Event was displaced due to an outage at satellite id=2. Succesfully scheduled request.

======Breakdown by order type======
Total Sat_outage order count: 1
Total Sat_outage request count: 1
   Scheduled requests: 1
     1: Reason: Successfully scheduled request.
Total Gs_outage order count: 1
Total Gs_outage request count: 1
   Scheduled requests: 1
     1: Reason: Successfully scheduled request.
Total Imaging order count: 200
Total Imaging request count: 125
   Rejected requests: 19
     16: Reason: No satellites can capture this area during the requested time window.
     1: Reason: Event was displaced due to an outage at satellite id=2. No available time slots for this event.
     1: Reason: Event was displaced due to an outage at groundstation id=1. Spent too much time trying to find a valid schedule plan. Failure reason during last try: No contacts found to downlink this request.
     1: Reason: Spent too much time trying to find a valid schedule plan. Failure reason during last try: There were available satellite time slots, and available groundstation contacts, but no valid matching of uplink gs contact -> satellite time slot -> downlink gs contact could be found.
   Scheduled requests: 106
     15: Reason: Event was displaced due to an outage at groundstation id=1. Succesfully scheduled request.
     86: Reason: Successfully scheduled request.
     5: Reason: Event was displaced due to an outage at satellite id=2. Succesfully scheduled request.
Total Maintenance order count: 20
Total Maintenance request count: 90
   Scheduled requests: 90
     90: Reason: Successfully scheduled request.

==========Scheduled Events=========
------------Per satellite-----------
SOSO-1: 38 events scheduled
   imaging events: 23
   maintenance events: 15
SOSO-3: 37 events scheduled
   imaging events: 23
   maintenance events: 14
SOSO-2: 33 events scheduled
   imaging events: 17
   maintenance events: 16
SOSO-4: 48 events scheduled
   imaging events: 34
   maintenance events: 14
SOSO-5: 22 events scheduled
   imaging events: 9
   maintenance events: 13

----------Per groundstation---------
GATN: 68 scheduled contacts
Inuvik: 94 scheduled contacts
Prince Albert: 62 scheduled contacts





Step 7: Ingest OrbitMaintenance6 and OrbitMaintenance7
Database tables automapped and exported to global namespace
Waiting for a while (max 10 secs) to allow scheduler system to notice new orders and kick off...
Starting scheduler timer...
Scheduler finished in 0 seconds.
Creating report...
===========Overall stats===========
Total order count: 224
Total request count: 217
   Rejected requests: 19
     16: Reason: No satellites can capture this area during the requested time window.
     1: Reason: Event was displaced due to an outage at satellite id=2. No available time slots for this event.
     1: Reason: Event was displaced due to an outage at groundstation id=1. Spent too much time trying to find a valid schedule plan. Failure reason during last try: No contacts found to downlink this request.
     1: Reason: Spent too much time trying to find a valid schedule plan. Failure reason during last try: There were available satellite time slots, and available groundstation contacts, but no valid matching of uplink gs contact -> satellite time slot -> downlink gs contact could be found.
   Scheduled requests: 198
     15: Reason: Event was displaced due to an outage at groundstation id=1. Succesfully scheduled request.
     178: Reason: Successfully scheduled request.
     5: Reason: Event was displaced due to an outage at satellite id=2. Succesfully scheduled request.

======Breakdown by order type======
Total Sat_outage order count: 1
Total Sat_outage request count: 1
   Scheduled requests: 1
     1: Reason: Successfully scheduled request.
Total Gs_outage order count: 1
Total Gs_outage request count: 1
   Scheduled requests: 1
     1: Reason: Successfully scheduled request.
Total Imaging order count: 200
Total Imaging request count: 125
   Rejected requests: 19
     16: Reason: No satellites can capture this area during the requested time window.
     1: Reason: Event was displaced due to an outage at satellite id=2. No available time slots for this event.
     1: Reason: Event was displaced due to an outage at groundstation id=1. Spent too much time trying to find a valid schedule plan. Failure reason during last try: No contacts found to downlink this request.
     1: Reason: Spent too much time trying to find a valid schedule plan. Failure reason during last try: There were available satellite time slots, and available groundstation contacts, but no valid matching of uplink gs contact -> satellite time slot -> downlink gs contact could be found.
   Scheduled requests: 106
     15: Reason: Event was displaced due to an outage at groundstation id=1. Succesfully scheduled request.
     86: Reason: Successfully scheduled request.
     5: Reason: Event was displaced due to an outage at satellite id=2. Succesfully scheduled request.
Total Maintenance order count: 22
Total Maintenance request count: 90
   Scheduled requests: 90
     90: Reason: Successfully scheduled request.

==========Scheduled Events=========
------------Per satellite-----------
SOSO-1: 38 events scheduled
   imaging events: 23
   maintenance events: 15
SOSO-3: 37 events scheduled
   imaging events: 23
   maintenance events: 14
SOSO-2: 33 events scheduled
   imaging events: 17
   maintenance events: 16
SOSO-4: 48 events scheduled
   imaging events: 34
   maintenance events: 14
SOSO-5: 22 events scheduled
   imaging events: 9
   maintenance events: 13

----------Per groundstation---------
GATN: 68 scheduled contacts
Inuvik: 94 scheduled contacts
Prince Albert: 62 scheduled contacts





