Running the day-in-the-life (DITL) test
Step 0: Cleanup database and set schedule reference time to 2022-09-01T00:00:00
Step 1: Ingest all Batch 1 orders and all maintenance orders except for OrbitMaintenance6 and OrbitMaintenance7
Database tables automapped and exported to global namespace
Waiting for a while (max 10 secs) to allow scheduler system to notice new orders and kick off...
Starting scheduler timer...
Scheduler finished in 6 minutes, 16 seconds.
Creating report...
===========Overall stats===========
Total order count: 120
Total request count: 190
   Scheduled requests: 179
     179: Reason: Successfully scheduled request.
   Rejected requests: 11
     9: Reason: No satellites can capture this area during the requested time window.
     1: Reason: No available time slots for this event.
     1: Reason: Spent too much time trying to find a valid schedule plan. Failure reason during last try: There were available satellite time slots, and available groundstation contacts, but no valid matching of uplink gs contact -> satellite time slot -> downlink gs contact could be found.

======Breakdown by order type======
Total Imaging order count: 100
Total Imaging request count: 100
   Scheduled requests: 90
     90: Reason: Successfully scheduled request.
   Rejected requests: 10
     9: Reason: No satellites can capture this area during the requested time window.
     1: Reason: Spent too much time trying to find a valid schedule plan. Failure reason during last try: There were available satellite time slots, and available groundstation contacts, but no valid matching of uplink gs contact -> satellite time slot -> downlink gs contact could be found.
Total Maintenance order count: 20
Total Maintenance request count: 90
   Scheduled requests: 89
     89: Reason: Successfully scheduled request.
   Rejected requests: 1
     1: Reason: No available time slots for this event.

==========Scheduled Events=========
------------Per satellite-----------
SOSO-1: 40 events scheduled
   maintenance events: 18
   imaging events: 22
SOSO-3: 35 events scheduled
   maintenance events: 18
   imaging events: 17
SOSO-2: 36 events scheduled
   maintenance events: 18
   imaging events: 18
SOSO-4: 44 events scheduled
   maintenance events: 17
   imaging events: 27
SOSO-5: 24 events scheduled
   imaging events: 6
   maintenance events: 18

----------Per groundstation---------
GATN: 84 scheduled contacts
Inuvik: 75 scheduled contacts
Prince Albert: 41 scheduled contacts





Step 2: Ingest all Batch 2 orders
Database tables automapped and exported to global namespace
Waiting for a while (max 10 secs) to allow scheduler system to notice new orders and kick off...
Starting scheduler timer...
Scheduler finished in 3 minutes, 58 seconds.
Creating report...
===========Overall stats===========
Total order count: 140
Total request count: 210
   Scheduled requests: 193
     193: Reason: Successfully scheduled request.
   Rejected requests: 17
     14: Reason: No satellites can capture this area during the requested time window.
     2: Reason: No available time slots for this event.
     1: Reason: Spent too much time trying to find a valid schedule plan. Failure reason during last try: There were available satellite time slots, and available groundstation contacts, but no valid matching of uplink gs contact -> satellite time slot -> downlink gs contact could be found.

======Breakdown by order type======
Total Imaging order count: 120
Total Imaging request count: 120
   Scheduled requests: 104
     104: Reason: Successfully scheduled request.
   Rejected requests: 16
     1: Reason: No available time slots for this event.
     14: Reason: No satellites can capture this area during the requested time window.
     1: Reason: Spent too much time trying to find a valid schedule plan. Failure reason during last try: There were available satellite time slots, and available groundstation contacts, but no valid matching of uplink gs contact -> satellite time slot -> downlink gs contact could be found.
Total Maintenance order count: 20
Total Maintenance request count: 90
   Scheduled requests: 89
     89: Reason: Successfully scheduled request.
   Rejected requests: 1
     1: Reason: No available time slots for this event.

==========Scheduled Events=========
------------Per satellite-----------
SOSO-1: 43 events scheduled
   maintenance events: 18
   imaging events: 25
SOSO-3: 40 events scheduled
   maintenance events: 18
   imaging events: 22
SOSO-2: 38 events scheduled
   maintenance events: 18
   imaging events: 20
SOSO-4: 48 events scheduled
   maintenance events: 17
   imaging events: 31
SOSO-5: 24 events scheduled
   maintenance events: 18
   imaging events: 6

----------Per groundstation---------
GATN: 85 scheduled contacts
Inuvik: 80 scheduled contacts
Prince Albert: 45 scheduled contacts





Step 3: Ingest all Batch 3 orders
Database tables automapped and exported to global namespace
Waiting for a while (max 10 secs) to allow scheduler system to notice new orders and kick off...
Starting scheduler timer...
Scheduler finished in 46 seconds.
Creating report...
===========Overall stats===========
Total order count: 145
Total request count: 215
   Scheduled requests: 196
     196: Reason: Successfully scheduled request.
   Rejected requests: 19
     16: Reason: No satellites can capture this area during the requested time window.
     2: Reason: No available time slots for this event.
     1: Reason: Spent too much time trying to find a valid schedule plan. Failure reason during last try: There were available satellite time slots, and available groundstation contacts, but no valid matching of uplink gs contact -> satellite time slot -> downlink gs contact could be found.

======Breakdown by order type======
Total Imaging order count: 125
Total Imaging request count: 125
   Scheduled requests: 107
     107: Reason: Successfully scheduled request.
   Rejected requests: 18
     1: Reason: No available time slots for this event.
     16: Reason: No satellites can capture this area during the requested time window.
     1: Reason: Spent too much time trying to find a valid schedule plan. Failure reason during last try: There were available satellite time slots, and available groundstation contacts, but no valid matching of uplink gs contact -> satellite time slot -> downlink gs contact could be found.
Total Maintenance order count: 20
Total Maintenance request count: 90
   Scheduled requests: 89
     89: Reason: Successfully scheduled request.
   Rejected requests: 1
     1: Reason: No available time slots for this event.

==========Scheduled Events=========
------------Per satellite-----------
SOSO-1: 43 events scheduled
   maintenance events: 18
   imaging events: 25
SOSO-3: 41 events scheduled
   maintenance events: 18
   imaging events: 23
SOSO-2: 38 events scheduled
   maintenance events: 18
   imaging events: 20
SOSO-4: 50 events scheduled
   maintenance events: 17
   imaging events: 33
SOSO-5: 24 events scheduled
   maintenance events: 18
   imaging events: 6

----------Per groundstation---------
GATN: 85 scheduled contacts
Inuvik: 82 scheduled contacts
Prince Albert: 47 scheduled contacts





Step 4: Ingest outage for GATN and SOSO-3
Database tables automapped and exported to global namespace
Waiting for a while (max 10 secs) to allow scheduler system to notice new orders and kick off...
Starting scheduler timer...
Scheduler finished in 1 minutes, 17 seconds.
Creating report...
===========Overall stats===========
Total order count: 147
Total request count: 217
   Scheduled requests: 195
     5: Reason: Scheduled request was displaced due to an outage at satellite id=2. Succesfully scheduled request.
     21: Reason: Scheduled request was displaced due to an outage at groundstation id=1. Succesfully scheduled request.
     169: Reason: Successfully scheduled request.
   Rejected requests: 22
     2: Reason: No available time slots for this event.
     2: Reason: Scheduled request was displaced due to an outage at satellite id=2. No available time slots for this event.
     1: Reason: Spent too much time trying to find a valid schedule plan. Failure reason during last try: There were available satellite time slots, and available groundstation contacts, but no valid matching of uplink gs contact -> satellite time slot -> downlink gs contact could be found.
     1: Reason: Scheduled request was displaced due to an outage at groundstation id=1. Spent too much time trying to find a valid schedule plan. Failure reason during last try: No contacts found to downlink this request.
     16: Reason: No satellites can capture this area during the requested time window.

======Breakdown by order type======
Total Imaging order count: 125
Total Imaging request count: 125
   Scheduled requests: 105
     5: Reason: Scheduled request was displaced due to an outage at satellite id=2. Succesfully scheduled request.
     21: Reason: Scheduled request was displaced due to an outage at groundstation id=1. Succesfully scheduled request.
     79: Reason: Successfully scheduled request.
   Rejected requests: 20
     1: Reason: Scheduled request was displaced due to an outage at satellite id=2. No available time slots for this event.
     1: Reason: No available time slots for this event.
     1: Reason: Spent too much time trying to find a valid schedule plan. Failure reason during last try: There were available satellite time slots, and available groundstation contacts, but no valid matching of uplink gs contact -> satellite time slot -> downlink gs contact could be found.
     1: Reason: Scheduled request was displaced due to an outage at groundstation id=1. Spent too much time trying to find a valid schedule plan. Failure reason during last try: No contacts found to downlink this request.
     16: Reason: No satellites can capture this area during the requested time window.
Total Sat_outage order count: 1
Total Sat_outage request count: 1
   Scheduled requests: 1
     1: Reason: Successfully scheduled request.
Total Maintenance order count: 20
Total Maintenance request count: 90
   Scheduled requests: 88
     88: Reason: Successfully scheduled request.
   Rejected requests: 2
     1: Reason: No available time slots for this event.
     1: Reason: Scheduled request was displaced due to an outage at satellite id=2. No available time slots for this event.
Total Gs_outage order count: 1
Total Gs_outage request count: 1
   Scheduled requests: 1
     1: Reason: Successfully scheduled request.

==========Scheduled Events=========
------------Per satellite-----------
SOSO-1: 42 events scheduled
   maintenance events: 18
   imaging events: 24
SOSO-3: 38 events scheduled
   maintenance events: 17
   imaging events: 21
SOSO-2: 39 events scheduled
   maintenance events: 18
   imaging events: 21
SOSO-4: 51 events scheduled
   maintenance events: 17
   imaging events: 34
SOSO-5: 23 events scheduled
   maintenance events: 18
   imaging events: 5

----------Per groundstation---------
GATN: 87 scheduled contacts
Inuvik: 91 scheduled contacts
Prince Albert: 54 scheduled contacts





Step 5: Ingest all Batch 4 orders
Database tables automapped and exported to global namespace
Waiting for a while (max 10 secs) to allow scheduler system to notice new orders and kick off...
Starting scheduler timer...
Scheduler finished in 2 minutes, 15 seconds.
Creating report...
===========Overall stats===========
Total order count: 197
Total request count: 267
   Scheduled requests: 234
     5: Reason: Scheduled request was displaced due to an outage at satellite id=2. Succesfully scheduled request.
     21: Reason: Scheduled request was displaced due to an outage at groundstation id=1. Succesfully scheduled request.
     208: Reason: Successfully scheduled request.
   Rejected requests: 33
     7: Reason: No available time slots for this event.
     2: Reason: Scheduled request was displaced due to an outage at satellite id=2. No available time slots for this event.
     1: Reason: Spent too much time trying to find a valid schedule plan. Failure reason during last try: There were available satellite time slots, and available groundstation contacts, but no valid matching of uplink gs contact -> satellite time slot -> downlink gs contact could be found.
     1: Reason: Scheduled request was displaced due to an outage at groundstation id=1. Spent too much time trying to find a valid schedule plan. Failure reason during last try: No contacts found to downlink this request.
     22: Reason: No satellites can capture this area during the requested time window.

======Breakdown by order type======
Total Imaging order count: 175
Total Imaging request count: 175
   Scheduled requests: 144
     5: Reason: Scheduled request was displaced due to an outage at satellite id=2. Succesfully scheduled request.
     21: Reason: Scheduled request was displaced due to an outage at groundstation id=1. Succesfully scheduled request.
     118: Reason: Successfully scheduled request.
   Rejected requests: 31
     1: Reason: Scheduled request was displaced due to an outage at satellite id=2. No available time slots for this event.
     6: Reason: No available time slots for this event.
     1: Reason: Spent too much time trying to find a valid schedule plan. Failure reason during last try: There were available satellite time slots, and available groundstation contacts, but no valid matching of uplink gs contact -> satellite time slot -> downlink gs contact could be found.
     1: Reason: Scheduled request was displaced due to an outage at groundstation id=1. Spent too much time trying to find a valid schedule plan. Failure reason during last try: No contacts found to downlink this request.
     22: Reason: No satellites can capture this area during the requested time window.
Total Sat_outage order count: 1
Total Sat_outage request count: 1
   Scheduled requests: 1
     1: Reason: Successfully scheduled request.
Total Maintenance order count: 20
Total Maintenance request count: 90
   Scheduled requests: 88
     88: Reason: Successfully scheduled request.
   Rejected requests: 2
     1: Reason: No available time slots for this event.
     1: Reason: Scheduled request was displaced due to an outage at satellite id=2. No available time slots for this event.
Total Gs_outage order count: 1
Total Gs_outage request count: 1
   Scheduled requests: 1
     1: Reason: Successfully scheduled request.

==========Scheduled Events=========
------------Per satellite-----------
SOSO-1: 54 events scheduled
   maintenance events: 18
   imaging events: 36
SOSO-3: 44 events scheduled
   maintenance events: 17
   imaging events: 27
SOSO-2: 46 events scheduled
   maintenance events: 18
   imaging events: 28
SOSO-4: 64 events scheduled
   maintenance events: 17
   imaging events: 47
SOSO-5: 24 events scheduled
   maintenance events: 18
   imaging events: 6

----------Per groundstation---------
GATN: 93 scheduled contacts
Inuvik: 102 scheduled contacts
Prince Albert: 65 scheduled contacts





Step 6: Ingest all Batch 5 orders
Database tables automapped and exported to global namespace
Waiting for a while (max 10 secs) to allow scheduler system to notice new orders and kick off...
Starting scheduler timer...
Scheduler finished in 2 minutes, 22 seconds.
Creating report...
===========Overall stats===========
Total order count: 222
Total request count: 292
   Scheduled requests: 257
     5: Reason: Scheduled request was displaced due to an outage at satellite id=2. Succesfully scheduled request.
     21: Reason: Scheduled request was displaced due to an outage at groundstation id=1. Succesfully scheduled request.
     231: Reason: Successfully scheduled request.
   Rejected requests: 35
     8: Reason: No available time slots for this event.
     2: Reason: Scheduled request was displaced due to an outage at satellite id=2. No available time slots for this event.
     2: Reason: Spent too much time trying to find a valid schedule plan. Failure reason during last try: There were available satellite time slots, and available groundstation contacts, but no valid matching of uplink gs contact -> satellite time slot -> downlink gs contact could be found.
     1: Reason: Scheduled request was displaced due to an outage at groundstation id=1. Spent too much time trying to find a valid schedule plan. Failure reason during last try: No contacts found to downlink this request.
     22: Reason: No satellites can capture this area during the requested time window.

======Breakdown by order type======
Total Imaging order count: 200
Total Imaging request count: 200
   Scheduled requests: 167
     5: Reason: Scheduled request was displaced due to an outage at satellite id=2. Succesfully scheduled request.
     21: Reason: Scheduled request was displaced due to an outage at groundstation id=1. Succesfully scheduled request.
     141: Reason: Successfully scheduled request.
   Rejected requests: 33
     1: Reason: Scheduled request was displaced due to an outage at satellite id=2. No available time slots for this event.
     7: Reason: No available time slots for this event.
     2: Reason: Spent too much time trying to find a valid schedule plan. Failure reason during last try: There were available satellite time slots, and available groundstation contacts, but no valid matching of uplink gs contact -> satellite time slot -> downlink gs contact could be found.
     1: Reason: Scheduled request was displaced due to an outage at groundstation id=1. Spent too much time trying to find a valid schedule plan. Failure reason during last try: No contacts found to downlink this request.
     22: Reason: No satellites can capture this area during the requested time window.
Total Sat_outage order count: 1
Total Sat_outage request count: 1
   Scheduled requests: 1
     1: Reason: Successfully scheduled request.
Total Maintenance order count: 20
Total Maintenance request count: 90
   Scheduled requests: 88
     88: Reason: Successfully scheduled request.
   Rejected requests: 2
     1: Reason: No available time slots for this event.
     1: Reason: Scheduled request was displaced due to an outage at satellite id=2. No available time slots for this event.
Total Gs_outage order count: 1
Total Gs_outage request count: 1
   Scheduled requests: 1
     1: Reason: Successfully scheduled request.

==========Scheduled Events=========
------------Per satellite-----------
SOSO-1: 58 events scheduled
   maintenance events: 18
   imaging events: 40
SOSO-3: 50 events scheduled
   maintenance events: 17
   imaging events: 33
SOSO-2: 50 events scheduled
   maintenance events: 18
   imaging events: 32
SOSO-4: 67 events scheduled
   maintenance events: 17
   imaging events: 50
SOSO-5: 30 events scheduled
   maintenance events: 18
   imaging events: 12

----------Per groundstation---------
GATN: 100 scheduled contacts
Inuvik: 108 scheduled contacts
Prince Albert: 72 scheduled contacts





Step 7: Ingest OrbitMaintenance6 and OrbitMaintenance7
Database tables automapped and exported to global namespace
Waiting for a while (max 10 secs) to allow scheduler system to notice new orders and kick off...
Starting scheduler timer...
Scheduler finished in 0 seconds.
Creating report...
===========Overall stats===========
Total order count: 224
Total request count: 294
   Scheduled requests: 258
     5: Reason: Scheduled request was displaced due to an outage at satellite id=2. Succesfully scheduled request.
     21: Reason: Scheduled request was displaced due to an outage at groundstation id=1. Succesfully scheduled request.
     232: Reason: Successfully scheduled request.
   Rejected requests: 36
     9: Reason: No available time slots for this event.
     2: Reason: Scheduled request was displaced due to an outage at satellite id=2. No available time slots for this event.
     2: Reason: Spent too much time trying to find a valid schedule plan. Failure reason during last try: There were available satellite time slots, and available groundstation contacts, but no valid matching of uplink gs contact -> satellite time slot -> downlink gs contact could be found.
     1: Reason: Scheduled request was displaced due to an outage at groundstation id=1. Spent too much time trying to find a valid schedule plan. Failure reason during last try: No contacts found to downlink this request.
     22: Reason: No satellites can capture this area during the requested time window.

======Breakdown by order type======
Total Imaging order count: 200
Total Imaging request count: 200
   Scheduled requests: 167
     5: Reason: Scheduled request was displaced due to an outage at satellite id=2. Succesfully scheduled request.
     21: Reason: Scheduled request was displaced due to an outage at groundstation id=1. Succesfully scheduled request.
     141: Reason: Successfully scheduled request.
   Rejected requests: 33
     1: Reason: Scheduled request was displaced due to an outage at satellite id=2. No available time slots for this event.
     7: Reason: No available time slots for this event.
     2: Reason: Spent too much time trying to find a valid schedule plan. Failure reason during last try: There were available satellite time slots, and available groundstation contacts, but no valid matching of uplink gs contact -> satellite time slot -> downlink gs contact could be found.
     1: Reason: Scheduled request was displaced due to an outage at groundstation id=1. Spent too much time trying to find a valid schedule plan. Failure reason during last try: No contacts found to downlink this request.
     22: Reason: No satellites can capture this area during the requested time window.
Total Sat_outage order count: 1
Total Sat_outage request count: 1
   Scheduled requests: 1
     1: Reason: Successfully scheduled request.
Total Maintenance order count: 22
Total Maintenance request count: 92
   Scheduled requests: 89
     89: Reason: Successfully scheduled request.
   Rejected requests: 3
     2: Reason: No available time slots for this event.
     1: Reason: Scheduled request was displaced due to an outage at satellite id=2. No available time slots for this event.
Total Gs_outage order count: 1
Total Gs_outage request count: 1
   Scheduled requests: 1
     1: Reason: Successfully scheduled request.

==========Scheduled Events=========
------------Per satellite-----------
SOSO-1: 58 events scheduled
   maintenance events: 18
   imaging events: 40
SOSO-3: 51 events scheduled
   maintenance events: 18
   imaging events: 33
SOSO-2: 50 events scheduled
   maintenance events: 18
   imaging events: 32
SOSO-4: 67 events scheduled
   maintenance events: 17
   imaging events: 50
SOSO-5: 30 events scheduled
   maintenance events: 18
   imaging events: 12

----------Per groundstation---------
GATN: 100 scheduled contacts
Inuvik: 109 scheduled contacts
Prince Albert: 72 scheduled contacts





