Running the day-in-the-life (DITL) test
Step 0: Cleanup database and set schedule reference time to 2022-09-01T00:00:00
Step 1: Ingest all Batch 1 orders and all maintenance orders except for OrbitMaintenance6 and OrbitMaintenance7
Database tables automapped and exported to global namespace
Waiting for a while (max 10 secs) to allow scheduler system to notice new orders and kick off...
Starting scheduler timer...
Scheduler finished in 5 minutes, 42 seconds.
Creating report...
===========Overall stats===========
Total order count: 120
Total request count: 190
   Rejected requests: 10
     9: Reason: No satellites can capture this area during the requested time window.
     1: Reason: Spent too much time trying to find a valid schedule plan. Failure reason during last try: There were available satellite time slots, and available groundstation contacts, but no valid matching of uplink gs contact -> satellite time slot -> downlink gs contact could be found.
   Scheduled requests: 180
     180: Reason: Successfully scheduled request.

======Breakdown by order type======
Total Maintenance order count: 20
Total Maintenance request count: 90
   Scheduled requests: 90
     90: Reason: Successfully scheduled request.
Total Imaging order count: 100
Total Imaging request count: 100
   Rejected requests: 10
     9: Reason: No satellites can capture this area during the requested time window.
     1: Reason: Spent too much time trying to find a valid schedule plan. Failure reason during last try: There were available satellite time slots, and available groundstation contacts, but no valid matching of uplink gs contact -> satellite time slot -> downlink gs contact could be found.
   Scheduled requests: 90
     90: Reason: Successfully scheduled request.

==========Scheduled Events=========
------------Per satellite-----------
SOSO-1: 36 events scheduled
   maintenance events: 18
   imaging events: 18
SOSO-3: 36 events scheduled
   imaging events: 18
   maintenance events: 18
SOSO-2: 41 events scheduled
   maintenance events: 18
   imaging events: 23
SOSO-4: 39 events scheduled
   maintenance events: 18
   imaging events: 21
SOSO-5: 28 events scheduled
   imaging events: 10
   maintenance events: 18

----------Per groundstation---------
GATN: 70 scheduled contacts
Inuvik: 85 scheduled contacts
Prince Albert: 47 scheduled contacts





Step 2: Ingest all Batch 2 orders
Database tables automapped and exported to global namespace
Waiting for a while (max 10 secs) to allow scheduler system to notice new orders and kick off...
Starting scheduler timer...
Scheduler finished in 3 minutes, 52 seconds.
Creating report...
===========Overall stats===========
Total order count: 140
Total request count: 210
   Rejected requests: 15
     14: Reason: No satellites can capture this area during the requested time window.
     1: Reason: Spent too much time trying to find a valid schedule plan. Failure reason during last try: There were available satellite time slots, and available groundstation contacts, but no valid matching of uplink gs contact -> satellite time slot -> downlink gs contact could be found.
   Scheduled requests: 195
     195: Reason: Successfully scheduled request.

======Breakdown by order type======
Total Maintenance order count: 20
Total Maintenance request count: 90
   Scheduled requests: 90
     90: Reason: Successfully scheduled request.
Total Imaging order count: 120
Total Imaging request count: 120
   Rejected requests: 15
     14: Reason: No satellites can capture this area during the requested time window.
     1: Reason: Spent too much time trying to find a valid schedule plan. Failure reason during last try: There were available satellite time slots, and available groundstation contacts, but no valid matching of uplink gs contact -> satellite time slot -> downlink gs contact could be found.
   Scheduled requests: 105
     105: Reason: Successfully scheduled request.

==========Scheduled Events=========
------------Per satellite-----------
SOSO-1: 38 events scheduled
   maintenance events: 18
   imaging events: 20
SOSO-3: 39 events scheduled
   maintenance events: 18
   imaging events: 21
SOSO-2: 46 events scheduled
   maintenance events: 18
   imaging events: 28
SOSO-4: 43 events scheduled
   maintenance events: 18
   imaging events: 25
SOSO-5: 29 events scheduled
   maintenance events: 18
   imaging events: 11

----------Per groundstation---------
GATN: 74 scheduled contacts
Inuvik: 88 scheduled contacts
Prince Albert: 52 scheduled contacts





Step 3: Ingest all Batch 3 orders
Database tables automapped and exported to global namespace
Waiting for a while (max 10 secs) to allow scheduler system to notice new orders and kick off...
Starting scheduler timer...
Scheduler finished in 48 seconds.
Creating report...
===========Overall stats===========
Total order count: 145
Total request count: 215
   Rejected requests: 17
     16: Reason: No satellites can capture this area during the requested time window.
     1: Reason: Spent too much time trying to find a valid schedule plan. Failure reason during last try: There were available satellite time slots, and available groundstation contacts, but no valid matching of uplink gs contact -> satellite time slot -> downlink gs contact could be found.
   Scheduled requests: 198
     198: Reason: Successfully scheduled request.

======Breakdown by order type======
Total Maintenance order count: 20
Total Maintenance request count: 90
   Scheduled requests: 90
     90: Reason: Successfully scheduled request.
Total Imaging order count: 125
Total Imaging request count: 125
   Rejected requests: 17
     16: Reason: No satellites can capture this area during the requested time window.
     1: Reason: Spent too much time trying to find a valid schedule plan. Failure reason during last try: There were available satellite time slots, and available groundstation contacts, but no valid matching of uplink gs contact -> satellite time slot -> downlink gs contact could be found.
   Scheduled requests: 108
     108: Reason: Successfully scheduled request.

==========Scheduled Events=========
------------Per satellite-----------
SOSO-1: 38 events scheduled
   maintenance events: 18
   imaging events: 20
SOSO-3: 40 events scheduled
   maintenance events: 18
   imaging events: 22
SOSO-2: 46 events scheduled
   maintenance events: 18
   imaging events: 28
SOSO-4: 45 events scheduled
   maintenance events: 18
   imaging events: 27
SOSO-5: 29 events scheduled
   maintenance events: 18
   imaging events: 11

----------Per groundstation---------
GATN: 74 scheduled contacts
Inuvik: 90 scheduled contacts
Prince Albert: 53 scheduled contacts





Step 4: Ingest outage for GATN and SOSO-3
Database tables automapped and exported to global namespace
Waiting for a while (max 10 secs) to allow scheduler system to notice new orders and kick off...
Starting scheduler timer...
Scheduler finished in 1 minutes, 7 seconds.
Creating report...
===========Overall stats===========
Total order count: 147
Total request count: 217
   Rejected requests: 20
     2: Reason: Scheduled request was displaced due to an outage at satellite id=2. No available time slots for this event.
     1: Reason: Spent too much time trying to find a valid schedule plan. Failure reason during last try: There were available satellite time slots, and available groundstation contacts, but no valid matching of uplink gs contact -> satellite time slot -> downlink gs contact could be found.
     1: Reason: Scheduled request was displaced due to an outage at groundstation id=1. Spent too much time trying to find a valid schedule plan. Failure reason during last try: No contacts found to downlink this request.
     16: Reason: No satellites can capture this area during the requested time window.
   Scheduled requests: 197
     5: Reason: Scheduled request was displaced due to an outage at satellite id=2. Succesfully scheduled request.
     17: Reason: Scheduled request was displaced due to an outage at groundstation id=1. Succesfully scheduled request.
     175: Reason: Successfully scheduled request.

======Breakdown by order type======
Total Gs_outage order count: 1
Total Gs_outage request count: 1
   Scheduled requests: 1
     1: Reason: Successfully scheduled request.
Total Sat_outage order count: 1
Total Sat_outage request count: 1
   Scheduled requests: 1
     1: Reason: Successfully scheduled request.
Total Maintenance order count: 20
Total Maintenance request count: 90
   Rejected requests: 1
     1: Reason: Scheduled request was displaced due to an outage at satellite id=2. No available time slots for this event.
   Scheduled requests: 89
     2: Reason: Scheduled request was displaced due to an outage at groundstation id=1. Succesfully scheduled request.
     87: Reason: Successfully scheduled request.
Total Imaging order count: 125
Total Imaging request count: 125
   Rejected requests: 19
     1: Reason: Scheduled request was displaced due to an outage at satellite id=2. No available time slots for this event.
     1: Reason: Spent too much time trying to find a valid schedule plan. Failure reason during last try: There were available satellite time slots, and available groundstation contacts, but no valid matching of uplink gs contact -> satellite time slot -> downlink gs contact could be found.
     1: Reason: Scheduled request was displaced due to an outage at groundstation id=1. Spent too much time trying to find a valid schedule plan. Failure reason during last try: No contacts found to downlink this request.
     16: Reason: No satellites can capture this area during the requested time window.
   Scheduled requests: 106
     5: Reason: Scheduled request was displaced due to an outage at satellite id=2. Succesfully scheduled request.
     15: Reason: Scheduled request was displaced due to an outage at groundstation id=1. Succesfully scheduled request.
     86: Reason: Successfully scheduled request.

==========Scheduled Events=========
------------Per satellite-----------
SOSO-1: 39 events scheduled
   maintenance events: 18
   imaging events: 21
SOSO-3: 33 events scheduled
   maintenance events: 17
   imaging events: 16
SOSO-2: 46 events scheduled
   maintenance events: 18
   imaging events: 28
SOSO-4: 49 events scheduled
   maintenance events: 18
   imaging events: 31
SOSO-5: 28 events scheduled
   maintenance events: 18
   imaging events: 10

----------Per groundstation---------
GATN: 77 scheduled contacts
Inuvik: 102 scheduled contacts
Prince Albert: 60 scheduled contacts





Step 5: Ingest all Batch 4 orders
Database tables automapped and exported to global namespace
Waiting for a while (max 10 secs) to allow scheduler system to notice new orders and kick off...
Starting scheduler timer...
Scheduler finished in 2 minutes, 3 seconds.
Creating report...
===========Overall stats===========
Total order count: 197
Total request count: 267
   Rejected requests: 32
     6: Reason: No available time slots for this event.
     2: Reason: Scheduled request was displaced due to an outage at satellite id=2. No available time slots for this event.
     1: Reason: Spent too much time trying to find a valid schedule plan. Failure reason during last try: There were available satellite time slots, and available groundstation contacts, but no valid matching of uplink gs contact -> satellite time slot -> downlink gs contact could be found.
     1: Reason: Scheduled request was displaced due to an outage at groundstation id=1. Spent too much time trying to find a valid schedule plan. Failure reason during last try: No contacts found to downlink this request.
     22: Reason: No satellites can capture this area during the requested time window.
   Scheduled requests: 235
     5: Reason: Scheduled request was displaced due to an outage at satellite id=2. Succesfully scheduled request.
     17: Reason: Scheduled request was displaced due to an outage at groundstation id=1. Succesfully scheduled request.
     213: Reason: Successfully scheduled request.

======Breakdown by order type======
Total Gs_outage order count: 1
Total Gs_outage request count: 1
   Scheduled requests: 1
     1: Reason: Successfully scheduled request.
Total Sat_outage order count: 1
Total Sat_outage request count: 1
   Scheduled requests: 1
     1: Reason: Successfully scheduled request.
Total Maintenance order count: 20
Total Maintenance request count: 90
   Rejected requests: 1
     1: Reason: Scheduled request was displaced due to an outage at satellite id=2. No available time slots for this event.
   Scheduled requests: 89
     2: Reason: Scheduled request was displaced due to an outage at groundstation id=1. Succesfully scheduled request.
     87: Reason: Successfully scheduled request.
Total Imaging order count: 175
Total Imaging request count: 175
   Rejected requests: 31
     6: Reason: No available time slots for this event.
     1: Reason: Scheduled request was displaced due to an outage at satellite id=2. No available time slots for this event.
     1: Reason: Spent too much time trying to find a valid schedule plan. Failure reason during last try: There were available satellite time slots, and available groundstation contacts, but no valid matching of uplink gs contact -> satellite time slot -> downlink gs contact could be found.
     1: Reason: Scheduled request was displaced due to an outage at groundstation id=1. Spent too much time trying to find a valid schedule plan. Failure reason during last try: No contacts found to downlink this request.
     22: Reason: No satellites can capture this area during the requested time window.
   Scheduled requests: 144
     5: Reason: Scheduled request was displaced due to an outage at satellite id=2. Succesfully scheduled request.
     15: Reason: Scheduled request was displaced due to an outage at groundstation id=1. Succesfully scheduled request.
     124: Reason: Successfully scheduled request.

==========Scheduled Events=========
------------Per satellite-----------
SOSO-1: 50 events scheduled
   maintenance events: 18
   imaging events: 32
SOSO-3: 39 events scheduled
   maintenance events: 17
   imaging events: 22
SOSO-2: 57 events scheduled
   maintenance events: 18
   imaging events: 39
SOSO-4: 59 events scheduled
   maintenance events: 18
   imaging events: 41
SOSO-5: 28 events scheduled
   maintenance events: 18
   imaging events: 10

----------Per groundstation---------
GATN: 82 scheduled contacts
Inuvik: 113 scheduled contacts
Prince Albert: 72 scheduled contacts





Step 6: Ingest all Batch 5 orders
Database tables automapped and exported to global namespace
Waiting for a while (max 10 secs) to allow scheduler system to notice new orders and kick off...
Starting scheduler timer...
Scheduler finished in 1 minutes, 53 seconds.
Creating report...
===========Overall stats===========
Total order count: 222
Total request count: 292
   Rejected requests: 35
     8: Reason: No available time slots for this event.
     2: Reason: Scheduled request was displaced due to an outage at satellite id=2. No available time slots for this event.
     2: Reason: Spent too much time trying to find a valid schedule plan. Failure reason during last try: There were available satellite time slots, and available groundstation contacts, but no valid matching of uplink gs contact -> satellite time slot -> downlink gs contact could be found.
     1: Reason: Scheduled request was displaced due to an outage at groundstation id=1. Spent too much time trying to find a valid schedule plan. Failure reason during last try: No contacts found to downlink this request.
     22: Reason: No satellites can capture this area during the requested time window.
   Scheduled requests: 257
     5: Reason: Scheduled request was displaced due to an outage at satellite id=2. Succesfully scheduled request.
     17: Reason: Scheduled request was displaced due to an outage at groundstation id=1. Succesfully scheduled request.
     235: Reason: Successfully scheduled request.

======Breakdown by order type======
Total Gs_outage order count: 1
Total Gs_outage request count: 1
   Scheduled requests: 1
     1: Reason: Successfully scheduled request.
Total Sat_outage order count: 1
Total Sat_outage request count: 1
   Scheduled requests: 1
     1: Reason: Successfully scheduled request.
Total Maintenance order count: 20
Total Maintenance request count: 90
   Rejected requests: 1
     1: Reason: Scheduled request was displaced due to an outage at satellite id=2. No available time slots for this event.
   Scheduled requests: 89
     2: Reason: Scheduled request was displaced due to an outage at groundstation id=1. Succesfully scheduled request.
     87: Reason: Successfully scheduled request.
Total Imaging order count: 200
Total Imaging request count: 200
   Rejected requests: 34
     8: Reason: No available time slots for this event.
     1: Reason: Scheduled request was displaced due to an outage at satellite id=2. No available time slots for this event.
     2: Reason: Spent too much time trying to find a valid schedule plan. Failure reason during last try: There were available satellite time slots, and available groundstation contacts, but no valid matching of uplink gs contact -> satellite time slot -> downlink gs contact could be found.
     1: Reason: Scheduled request was displaced due to an outage at groundstation id=1. Spent too much time trying to find a valid schedule plan. Failure reason during last try: No contacts found to downlink this request.
     22: Reason: No satellites can capture this area during the requested time window.
   Scheduled requests: 166
     5: Reason: Scheduled request was displaced due to an outage at satellite id=2. Succesfully scheduled request.
     15: Reason: Scheduled request was displaced due to an outage at groundstation id=1. Succesfully scheduled request.
     146: Reason: Successfully scheduled request.

==========Scheduled Events=========
------------Per satellite-----------
SOSO-1: 54 events scheduled
   maintenance events: 18
   imaging events: 36
SOSO-3: 41 events scheduled
   maintenance events: 17
   imaging events: 24
SOSO-2: 62 events scheduled
   maintenance events: 18
   imaging events: 44
SOSO-4: 64 events scheduled
   maintenance events: 18
   imaging events: 46
SOSO-5: 34 events scheduled
   maintenance events: 18
   imaging events: 16

----------Per groundstation---------
GATN: 86 scheduled contacts
Inuvik: 119 scheduled contacts
Prince Albert: 76 scheduled contacts





Step 7: Ingest OrbitMaintenance6 and OrbitMaintenance7
Database tables automapped and exported to global namespace
Waiting for a while (max 10 secs) to allow scheduler system to notice new orders and kick off...
Starting scheduler timer...
Scheduler finished in 0 seconds.
Creating report...
===========Overall stats===========
Total order count: 224
Total request count: 294
   Rejected requests: 36
     9: Reason: No available time slots for this event.
     2: Reason: Scheduled request was displaced due to an outage at satellite id=2. No available time slots for this event.
     2: Reason: Spent too much time trying to find a valid schedule plan. Failure reason during last try: There were available satellite time slots, and available groundstation contacts, but no valid matching of uplink gs contact -> satellite time slot -> downlink gs contact could be found.
     1: Reason: Scheduled request was displaced due to an outage at groundstation id=1. Spent too much time trying to find a valid schedule plan. Failure reason during last try: No contacts found to downlink this request.
     22: Reason: No satellites can capture this area during the requested time window.
   Scheduled requests: 258
     5: Reason: Scheduled request was displaced due to an outage at satellite id=2. Succesfully scheduled request.
     17: Reason: Scheduled request was displaced due to an outage at groundstation id=1. Succesfully scheduled request.
     236: Reason: Successfully scheduled request.

======Breakdown by order type======
Total Gs_outage order count: 1
Total Gs_outage request count: 1
   Scheduled requests: 1
     1: Reason: Successfully scheduled request.
Total Sat_outage order count: 1
Total Sat_outage request count: 1
   Scheduled requests: 1
     1: Reason: Successfully scheduled request.
Total Maintenance order count: 22
Total Maintenance request count: 92
   Rejected requests: 2
     1: Reason: No available time slots for this event.
     1: Reason: Scheduled request was displaced due to an outage at satellite id=2. No available time slots for this event.
   Scheduled requests: 90
     2: Reason: Scheduled request was displaced due to an outage at groundstation id=1. Succesfully scheduled request.
     88: Reason: Successfully scheduled request.
Total Imaging order count: 200
Total Imaging request count: 200
   Rejected requests: 34
     8: Reason: No available time slots for this event.
     1: Reason: Scheduled request was displaced due to an outage at satellite id=2. No available time slots for this event.
     2: Reason: Spent too much time trying to find a valid schedule plan. Failure reason during last try: There were available satellite time slots, and available groundstation contacts, but no valid matching of uplink gs contact -> satellite time slot -> downlink gs contact could be found.
     1: Reason: Scheduled request was displaced due to an outage at groundstation id=1. Spent too much time trying to find a valid schedule plan. Failure reason during last try: No contacts found to downlink this request.
     22: Reason: No satellites can capture this area during the requested time window.
   Scheduled requests: 166
     5: Reason: Scheduled request was displaced due to an outage at satellite id=2. Succesfully scheduled request.
     15: Reason: Scheduled request was displaced due to an outage at groundstation id=1. Succesfully scheduled request.
     146: Reason: Successfully scheduled request.

==========Scheduled Events=========
------------Per satellite-----------
SOSO-1: 54 events scheduled
   maintenance events: 18
   imaging events: 36
SOSO-3: 42 events scheduled
   maintenance events: 18
   imaging events: 24
SOSO-2: 62 events scheduled
   maintenance events: 18
   imaging events: 44
SOSO-4: 64 events scheduled
   maintenance events: 18
   imaging events: 46
SOSO-5: 34 events scheduled
   maintenance events: 18
   imaging events: 16

----------Per groundstation---------
GATN: 86 scheduled contacts
Inuvik: 120 scheduled contacts
Prince Albert: 76 scheduled contacts





