Running the day-in-the-life (DITL) test from folder: database_scripts/sample_data/DITL1
Step 0: Cleanup database and set schedule reference time to 2023-09-01T00:00:00
Step 1: Ingest all Batch 1 orders and all maintenance orders except for OrbitMaintenance6 and OrbitMaintenance7
Database tables automapped and exported to global namespace
Waiting for a while (max 10 secs) to allow scheduler system to notice new orders and kick off...
Starting scheduler timer...
Scheduler finished in 6 minutes, 15 seconds.
Creating report...
===========Overall stats===========
Total order count: 120
Total request count: 190
   Rejected requests: 12
     1: Reason: There were available satellite time slots, and available groundstation contacts, but no valid matching of uplink gs contact -> satellite time slot -> downlink gs contact could be found.
     9: Reason: No satellites can capture this area during the requested time window.
     2: Reason: No available time slots for this event.
   Scheduled requests: 178
     178: Reason: Successfully scheduled request.

======Breakdown by order type======
Total Imaging order count: 100
Total Imaging request count: 100
   Rejected requests: 11
     1: Reason: There were available satellite time slots, and available groundstation contacts, but no valid matching of uplink gs contact -> satellite time slot -> downlink gs contact could be found.
     9: Reason: No satellites can capture this area during the requested time window.
     1: Reason: No available time slots for this event.
   Scheduled requests: 89
     89: Reason: Successfully scheduled request.
Total Maintenance order count: 20
Total Maintenance request count: 90
   Rejected requests: 1
     1: Reason: No available time slots for this event.
   Scheduled requests: 89
     89: Reason: Successfully scheduled request.

==========Scheduled Events=========
------------Per satellite-----------
SOSO-1: 30 events scheduled
   imaging events: 12
   maintenance events: 18
SOSO-3: 37 events scheduled
   maintenance events: 17
   imaging events: 20
SOSO-2: 35 events scheduled
   imaging events: 17
   maintenance events: 18
SOSO-4: 49 events scheduled
   maintenance events: 18
   imaging events: 31
SOSO-5: 27 events scheduled
   imaging events: 9
   maintenance events: 18

----------Per groundstation---------
GATN: 57 scheduled contacts
Inuvik: 79 scheduled contacts
Prince Albert: 52 scheduled contacts





Step 2: Ingest all Batch 2 orders
Database tables automapped and exported to global namespace
Waiting for a while (max 10 secs) to allow scheduler system to notice new orders and kick off...
Starting scheduler timer...
Scheduler finished in 0 seconds.
Creating report...
===========Overall stats===========
Total order count: 140
Total request count: 190
   Rejected requests: 12
     1: Reason: There were available satellite time slots, and available groundstation contacts, but no valid matching of uplink gs contact -> satellite time slot -> downlink gs contact could be found.
     9: Reason: No satellites can capture this area during the requested time window.
     2: Reason: No available time slots for this event.
   Scheduled requests: 178
     178: Reason: Successfully scheduled request.

======Breakdown by order type======
Total Imaging order count: 120
Total Imaging request count: 100
   Rejected requests: 11
     1: Reason: There were available satellite time slots, and available groundstation contacts, but no valid matching of uplink gs contact -> satellite time slot -> downlink gs contact could be found.
     9: Reason: No satellites can capture this area during the requested time window.
     1: Reason: No available time slots for this event.
   Scheduled requests: 89
     89: Reason: Successfully scheduled request.
Total Maintenance order count: 20
Total Maintenance request count: 90
   Rejected requests: 1
     1: Reason: No available time slots for this event.
   Scheduled requests: 89
     89: Reason: Successfully scheduled request.

==========Scheduled Events=========
------------Per satellite-----------
SOSO-1: 30 events scheduled
   imaging events: 12
   maintenance events: 18
SOSO-3: 37 events scheduled
   maintenance events: 17
   imaging events: 20
SOSO-2: 35 events scheduled
   imaging events: 17
   maintenance events: 18
SOSO-4: 49 events scheduled
   maintenance events: 18
   imaging events: 31
SOSO-5: 27 events scheduled
   imaging events: 9
   maintenance events: 18

----------Per groundstation---------
GATN: 57 scheduled contacts
Inuvik: 79 scheduled contacts
Prince Albert: 52 scheduled contacts





Step 3: Ingest all Batch 3 orders
Database tables automapped and exported to global namespace
Waiting for a while (max 10 secs) to allow scheduler system to notice new orders and kick off...
Starting scheduler timer...
Scheduler finished in 4 minutes, 13 seconds.
Creating report...
===========Overall stats===========
Total order count: 145
Total request count: 215
   Rejected requests: 20
     1: Reason: There were available satellite time slots, and available groundstation contacts, but no valid matching of uplink gs contact -> satellite time slot -> downlink gs contact could be found.
     16: Reason: No satellites can capture this area during the requested time window.
     3: Reason: No available time slots for this event.
   Scheduled requests: 195
     195: Reason: Successfully scheduled request.

======Breakdown by order type======
Total Imaging order count: 125
Total Imaging request count: 125
   Rejected requests: 19
     1: Reason: There were available satellite time slots, and available groundstation contacts, but no valid matching of uplink gs contact -> satellite time slot -> downlink gs contact could be found.
     16: Reason: No satellites can capture this area during the requested time window.
     2: Reason: No available time slots for this event.
   Scheduled requests: 106
     106: Reason: Successfully scheduled request.
Total Maintenance order count: 20
Total Maintenance request count: 90
   Rejected requests: 1
     1: Reason: No available time slots for this event.
   Scheduled requests: 89
     89: Reason: Successfully scheduled request.

==========Scheduled Events=========
------------Per satellite-----------
SOSO-1: 33 events scheduled
   maintenance events: 18
   imaging events: 15
SOSO-3: 42 events scheduled
   maintenance events: 17
   imaging events: 25
SOSO-2: 39 events scheduled
   maintenance events: 18
   imaging events: 21
SOSO-4: 54 events scheduled
   maintenance events: 18
   imaging events: 36
SOSO-5: 27 events scheduled
   maintenance events: 18
   imaging events: 9

----------Per groundstation---------
GATN: 60 scheduled contacts
Inuvik: 87 scheduled contacts
Prince Albert: 55 scheduled contacts





Step 4: Ingest outage for GATN and SOSO-3
Database tables automapped and exported to global namespace
Waiting for a while (max 10 secs) to allow scheduler system to notice new orders and kick off...
Starting scheduler timer...
Scheduler finished in 1 minutes, 4 seconds.
Creating report...
===========Overall stats===========
Total order count: 147
Total request count: 217
   Rejected requests: 22
     1: Reason: Scheduled request was displaced due to an outage at satellite id=2. No available time slots for this event.
     3: Reason: No available time slots for this event.
     1: Reason: Scheduled request was displaced due to an outage at groundstation id=1. No contacts found to downlink this request.
     1: Reason: There were available satellite time slots, and available groundstation contacts, but no valid matching of uplink gs contact -> satellite time slot -> downlink gs contact could be found.
     16: Reason: No satellites can capture this area during the requested time window.
   Scheduled requests: 195
     5: Reason: Scheduled request was displaced due to an outage at satellite id=2. Succesfully scheduled request.
     19: Reason: Scheduled request was displaced due to an outage at groundstation id=1. Succesfully scheduled request.
     171: Reason: Successfully scheduled request.

======Breakdown by order type======
Total Outage order count: 2
Total Outage request count: 2
   Scheduled requests: 2
     2: Reason: Successfully scheduled request.
Total Imaging order count: 125
Total Imaging request count: 125
   Rejected requests: 21
     1: Reason: Scheduled request was displaced due to an outage at satellite id=2. No available time slots for this event.
     2: Reason: No available time slots for this event.
     1: Reason: Scheduled request was displaced due to an outage at groundstation id=1. No contacts found to downlink this request.
     1: Reason: There were available satellite time slots, and available groundstation contacts, but no valid matching of uplink gs contact -> satellite time slot -> downlink gs contact could be found.
     16: Reason: No satellites can capture this area during the requested time window.
   Scheduled requests: 104
     5: Reason: Scheduled request was displaced due to an outage at satellite id=2. Succesfully scheduled request.
     18: Reason: Scheduled request was displaced due to an outage at groundstation id=1. Succesfully scheduled request.
     81: Reason: Successfully scheduled request.
Total Maintenance order count: 20
Total Maintenance request count: 90
   Rejected requests: 1
     1: Reason: No available time slots for this event.
   Scheduled requests: 89
     1: Reason: Scheduled request was displaced due to an outage at groundstation id=1. Succesfully scheduled request.
     88: Reason: Successfully scheduled request.

==========Scheduled Events=========
------------Per satellite-----------
SOSO-1: 34 events scheduled
   maintenance events: 18
   imaging events: 16
SOSO-3: 37 events scheduled
   maintenance events: 17
   imaging events: 20
SOSO-2: 42 events scheduled
   maintenance events: 18
   imaging events: 24
SOSO-4: 53 events scheduled
   maintenance events: 18
   imaging events: 35
SOSO-5: 27 events scheduled
   imaging events: 9
   maintenance events: 18

----------Per groundstation---------
GATN: 62 scheduled contacts
Inuvik: 94 scheduled contacts
Prince Albert: 63 scheduled contacts





Step 5: Ingest all Batch 4 orders
Database tables automapped and exported to global namespace
Waiting for a while (max 10 secs) to allow scheduler system to notice new orders and kick off...
Starting scheduler timer...
Scheduler finished in 2 minutes, 8 seconds.
Creating report...
===========Overall stats===========
Total order count: 197
Total request count: 267
   Rejected requests: 33
     1: Reason: Scheduled request was displaced due to an outage at satellite id=2. No available time slots for this event.
     8: Reason: No available time slots for this event.
     1: Reason: Scheduled request was displaced due to an outage at groundstation id=1. No contacts found to downlink this request.
     1: Reason: There were available satellite time slots, and available groundstation contacts, but no valid matching of uplink gs contact -> satellite time slot -> downlink gs contact could be found.
     22: Reason: No satellites can capture this area during the requested time window.
   Scheduled requests: 234
     5: Reason: Scheduled request was displaced due to an outage at satellite id=2. Succesfully scheduled request.
     19: Reason: Scheduled request was displaced due to an outage at groundstation id=1. Succesfully scheduled request.
     210: Reason: Successfully scheduled request.

======Breakdown by order type======
Total Outage order count: 2
Total Outage request count: 2
   Scheduled requests: 2
     2: Reason: Successfully scheduled request.
Total Imaging order count: 175
Total Imaging request count: 175
   Rejected requests: 32
     1: Reason: Scheduled request was displaced due to an outage at satellite id=2. No available time slots for this event.
     7: Reason: No available time slots for this event.
     1: Reason: Scheduled request was displaced due to an outage at groundstation id=1. No contacts found to downlink this request.
     1: Reason: There were available satellite time slots, and available groundstation contacts, but no valid matching of uplink gs contact -> satellite time slot -> downlink gs contact could be found.
     22: Reason: No satellites can capture this area during the requested time window.
   Scheduled requests: 143
     5: Reason: Scheduled request was displaced due to an outage at satellite id=2. Succesfully scheduled request.
     18: Reason: Scheduled request was displaced due to an outage at groundstation id=1. Succesfully scheduled request.
     120: Reason: Successfully scheduled request.
Total Maintenance order count: 20
Total Maintenance request count: 90
   Rejected requests: 1
     1: Reason: No available time slots for this event.
   Scheduled requests: 89
     1: Reason: Scheduled request was displaced due to an outage at groundstation id=1. Succesfully scheduled request.
     88: Reason: Successfully scheduled request.

==========Scheduled Events=========
------------Per satellite-----------
SOSO-1: 47 events scheduled
   maintenance events: 18
   imaging events: 29
SOSO-3: 42 events scheduled
   maintenance events: 17
   imaging events: 25
SOSO-2: 50 events scheduled
   maintenance events: 18
   imaging events: 32
SOSO-4: 66 events scheduled
   maintenance events: 18
   imaging events: 48
SOSO-5: 27 events scheduled
   maintenance events: 18
   imaging events: 9

----------Per groundstation---------
GATN: 70 scheduled contacts
Inuvik: 106 scheduled contacts
Prince Albert: 72 scheduled contacts





Step 6: Ingest all Batch 5 orders
Database tables automapped and exported to global namespace
Waiting for a while (max 10 secs) to allow scheduler system to notice new orders and kick off...
Starting scheduler timer...
Scheduler finished in 1 minutes, 55 seconds.
Creating report...
===========Overall stats===========
Total order count: 222
Total request count: 292
   Rejected requests: 34
     1: Reason: Scheduled request was displaced due to an outage at satellite id=2. No available time slots for this event.
     8: Reason: No available time slots for this event.
     1: Reason: Scheduled request was displaced due to an outage at groundstation id=1. No contacts found to downlink this request.
     2: Reason: There were available satellite time slots, and available groundstation contacts, but no valid matching of uplink gs contact -> satellite time slot -> downlink gs contact could be found.
     22: Reason: No satellites can capture this area during the requested time window.
   Scheduled requests: 258
     5: Reason: Scheduled request was displaced due to an outage at satellite id=2. Succesfully scheduled request.
     19: Reason: Scheduled request was displaced due to an outage at groundstation id=1. Succesfully scheduled request.
     234: Reason: Successfully scheduled request.

======Breakdown by order type======
Total Outage order count: 2
Total Outage request count: 2
   Scheduled requests: 2
     2: Reason: Successfully scheduled request.
Total Imaging order count: 200
Total Imaging request count: 200
   Rejected requests: 33
     1: Reason: Scheduled request was displaced due to an outage at satellite id=2. No available time slots for this event.
     7: Reason: No available time slots for this event.
     1: Reason: Scheduled request was displaced due to an outage at groundstation id=1. No contacts found to downlink this request.
     2: Reason: There were available satellite time slots, and available groundstation contacts, but no valid matching of uplink gs contact -> satellite time slot -> downlink gs contact could be found.
     22: Reason: No satellites can capture this area during the requested time window.
   Scheduled requests: 167
     5: Reason: Scheduled request was displaced due to an outage at satellite id=2. Succesfully scheduled request.
     18: Reason: Scheduled request was displaced due to an outage at groundstation id=1. Succesfully scheduled request.
     144: Reason: Successfully scheduled request.
Total Maintenance order count: 20
Total Maintenance request count: 90
   Rejected requests: 1
     1: Reason: No available time slots for this event.
   Scheduled requests: 89
     1: Reason: Scheduled request was displaced due to an outage at groundstation id=1. Succesfully scheduled request.
     88: Reason: Successfully scheduled request.

==========Scheduled Events=========
------------Per satellite-----------
SOSO-1: 51 events scheduled
   maintenance events: 18
   imaging events: 33
SOSO-3: 46 events scheduled
   maintenance events: 17
   imaging events: 29
SOSO-2: 53 events scheduled
   maintenance events: 18
   imaging events: 35
SOSO-4: 75 events scheduled
   maintenance events: 18
   imaging events: 57
SOSO-5: 31 events scheduled
   maintenance events: 18
   imaging events: 13

----------Per groundstation---------
GATN: 74 scheduled contacts
Inuvik: 111 scheduled contacts
Prince Albert: 76 scheduled contacts





Step 7: Ingest OrbitMaintenance6 and OrbitMaintenance7
Database tables automapped and exported to global namespace
Waiting for a while (max 10 secs) to allow scheduler system to notice new orders and kick off...
Starting scheduler timer...
Scheduler finished in 0 seconds.
Creating report...
===========Overall stats===========
Total order count: 224
Total request count: 294
   Rejected requests: 35
     1: Reason: Scheduled request was displaced due to an outage at satellite id=2. No available time slots for this event.
     9: Reason: No available time slots for this event.
     1: Reason: Scheduled request was displaced due to an outage at groundstation id=1. No contacts found to downlink this request.
     2: Reason: There were available satellite time slots, and available groundstation contacts, but no valid matching of uplink gs contact -> satellite time slot -> downlink gs contact could be found.
     22: Reason: No satellites can capture this area during the requested time window.
   Scheduled requests: 259
     5: Reason: Scheduled request was displaced due to an outage at satellite id=2. Succesfully scheduled request.
     19: Reason: Scheduled request was displaced due to an outage at groundstation id=1. Succesfully scheduled request.
     235: Reason: Successfully scheduled request.

======Breakdown by order type======
Total Outage order count: 2
Total Outage request count: 2
   Scheduled requests: 2
     2: Reason: Successfully scheduled request.
Total Imaging order count: 200
Total Imaging request count: 200
   Rejected requests: 33
     1: Reason: Scheduled request was displaced due to an outage at satellite id=2. No available time slots for this event.
     7: Reason: No available time slots for this event.
     1: Reason: Scheduled request was displaced due to an outage at groundstation id=1. No contacts found to downlink this request.
     2: Reason: There were available satellite time slots, and available groundstation contacts, but no valid matching of uplink gs contact -> satellite time slot -> downlink gs contact could be found.
     22: Reason: No satellites can capture this area during the requested time window.
   Scheduled requests: 167
     5: Reason: Scheduled request was displaced due to an outage at satellite id=2. Succesfully scheduled request.
     18: Reason: Scheduled request was displaced due to an outage at groundstation id=1. Succesfully scheduled request.
     144: Reason: Successfully scheduled request.
Total Maintenance order count: 22
Total Maintenance request count: 92
   Rejected requests: 2
     2: Reason: No available time slots for this event.
   Scheduled requests: 90
     1: Reason: Scheduled request was displaced due to an outage at groundstation id=1. Succesfully scheduled request.
     89: Reason: Successfully scheduled request.

==========Scheduled Events=========
------------Per satellite-----------
SOSO-1: 51 events scheduled
   maintenance events: 18
   imaging events: 33
SOSO-3: 47 events scheduled
   maintenance events: 18
   imaging events: 29
SOSO-2: 53 events scheduled
   maintenance events: 18
   imaging events: 35
SOSO-4: 75 events scheduled
   maintenance events: 18
   imaging events: 57
SOSO-5: 31 events scheduled
   maintenance events: 18
   imaging events: 13

----------Per groundstation---------
GATN: 74 scheduled contacts
Inuvik: 112 scheduled contacts
Prince Albert: 76 scheduled contacts





